<?xml version="1.0" encoding="UTF-8"?>
<!-- Generated by org.testng.reporters.JUnitReportReporter -->
<testsuite hostname="DESKTOP-6N7C94L" failures="0" tests="1" name="com.tests.A1_AppiumBasicsApp1" time="16.570" errors="0" timestamp="2024-09-07T21:53:57 IST" skipped="0">
  <testcase classname="com.tests.A1_AppiumBasicsApp1" name="testBasicFlow" time="16.570"/>
  <system-out/>
</testsuite> <!-- com.tests.A1_AppiumBasicsApp1 -->
