<?xml version="1.0" encoding="UTF-8"?>
<!-- Generated by org.testng.reporters.JUnitReportReporter -->
<testsuite hostname="DESKTOP-6N7C94L" failures="0" tests="1" name="com.tests.LoginTest" time="50.369" errors="0" timestamp="2024-10-25T15:12:35 IST" skipped="0">
  <testcase classname="com.tests.LoginTest" name="LoginLogout" time="50.369"/>
</testsuite> <!-- com.tests.LoginTest -->
