<?xml version="1.0" encoding="UTF-8"?>
<!-- Generated by org.testng.reporters.JUnitReportReporter -->
<testsuite hostname="DESKTOP-6N7C94L" failures="0" tests="2" name="UpdatedTestCases.ModifiedOneNegDisWifiCombinedMRO" time="20.849" errors="1" timestamp="2024-12-12T17:11:16 IST" skipped="1">
  <testcase classname="UpdatedTestCases.ModifiedOneNegDisWifiCombinedMRO" name="startAppiumServer" time="20.849">
    <error message="[The local appium server has not been started, Reason: Timed out waiting for [http://127.0.0.1:4723/status] to be available after 20009 ms, Consider increasing the server startup timeout value (currently 20000ms), Node.js executable path: C:\Program Files\nodejs\node.exe, Arguments: [C:\Users\dell\AppData\Roaming\npm\node_modules\appium\build\lib\main.js, --port, 4723, --address, 0.0.0.0], Output: [35m[Appium][39m Welcome to Appium v2.6.0
[35m[Appium][39m The autodetected Appium home path: C:\Users\dell\.appium
[35m[Appium][39m Attempting to load driver uiautomator2...
[35m[Appium][39m Requiring driver at C:\Users\dell\.appium\node_modules\appium-uiautomator2-driver\build\index.js
[35m[Appium][39m AndroidUiautomator2Driver has been successfully loaded in 1.524s
[38;5;0m[HTTP][0m Could not start REST http interface listener. The requested port may already be in use. Please make sure there is no other instance of this server running already.
[35m[Appium][39m Could not configure Appium server. It&#039;s possible that a driver or plugin tried to update the server and failed. Original error: listen EADDRINUSE: address already in use 0.0.0.0:4723
[35m[Appium][39m Error: listen EADDRINUSE: address already in use 0.0.0.0:4723
[35m[Appium][39m     at Server.setupListenHandle [as _listen2] (node:net:1898:16)
[35m[Appium][39m     at listenInCluster (node:net:1946:12)
[35m[Appium][39m     at doListen (node:net:2116:7)
[35m[Appium][39m     at processTicksAndRejections (node:internal/process/task_queues:83:21)
]" type="io.appium.java_client.service.local.AppiumServerHasNotBeenStartedLocallyException">
      <![CDATA[io.appium.java_client.service.local.AppiumServerHasNotBeenStartedLocallyException: [The local appium server has not been started, Reason: Timed out waiting for [http://127.0.0.1:4723/status] to be available after 20009 ms, Consider increasing the server startup timeout value (currently 20000ms), Node.js executable path: C:\Program Files\nodejs\node.exe, Arguments: [C:\Users\dell\AppData\Roaming\npm\node_modules\appium\build\lib\main.js, --port, 4723, --address, 0.0.0.0], Output: [35m[Appium][39m Welcome to Appium v2.6.0
[35m[Appium][39m The autodetected Appium home path: C:\Users\dell\.appium
[35m[Appium][39m Attempting to load driver uiautomator2...
[35m[Appium][39m Requiring driver at C:\Users\dell\.appium\node_modules\appium-uiautomator2-driver\build\index.js
[35m[Appium][39m AndroidUiautomator2Driver has been successfully loaded in 1.524s
[38;5;0m[HTTP][0m Could not start REST http interface listener. The requested port may already be in use. Please make sure there is no other instance of this server running already.
[35m[Appium][39m Could not configure Appium server. It's possible that a driver or plugin tried to update the server and failed. Original error: listen EADDRINUSE: address already in use 0.0.0.0:4723
[35m[Appium][39m Error: listen EADDRINUSE: address already in use 0.0.0.0:4723
[35m[Appium][39m     at Server.setupListenHandle [as _listen2] (node:net:1898:16)
[35m[Appium][39m     at listenInCluster (node:net:1946:12)
[35m[Appium][39m     at doListen (node:net:2116:7)
[35m[Appium][39m     at processTicksAndRejections (node:internal/process/task_queues:83:21)
]
at io.appium.java_client.service.local.AppiumDriverLocalService.start(AppiumDriverLocalService.java:203)
at base.BaseTest.startAppiumServer(BaseTest.java:41)
at java.base/jdk.internal.reflect.DirectMethodHandleAccessor.invoke(DirectMethodHandleAccessor.java:103)
at java.base/java.lang.reflect.Method.invoke(Method.java:580)
at org.testng.internal.invokers.MethodInvocationHelper.invokeMethod(MethodInvocationHelper.java:141)
at org.testng.internal.invokers.MethodInvocationHelper.invokeMethodConsideringTimeout(MethodInvocationHelper.java:71)
at org.testng.internal.invokers.ConfigInvoker.invokeConfigurationMethod(ConfigInvoker.java:400)
at org.testng.internal.invokers.ConfigInvoker.invokeConfigurations(ConfigInvoker.java:333)
at org.testng.SuiteRunner.privateRun(SuiteRunner.java:358)
at org.testng.SuiteRunner.run(SuiteRunner.java:312)
at org.testng.SuiteRunnerWorker.runSuite(SuiteRunnerWorker.java:52)
at org.testng.SuiteRunnerWorker.run(SuiteRunnerWorker.java:95)
at org.testng.TestNG.runSuitesSequentially(TestNG.java:1274)
at org.testng.TestNG.runSuitesLocally(TestNG.java:1208)
at org.testng.TestNG.runSuites(TestNG.java:1112)
at org.testng.TestNG.run(TestNG.java:1079)
at org.testng.remote.AbstractRemoteTestNG.run(AbstractRemoteTestNG.java:115)
at org.testng.remote.RemoteTestNG.initAndRun(RemoteTestNG.java:293)
at org.testng.remote.RemoteTestNG.main(RemoteTestNG.java:91)
Caused by: org.openqa.selenium.net.UrlChecker$TimeoutException: Timed out waiting for [http://127.0.0.1:4723/status] to be available after 20009 ms
at org.openqa.selenium.net.UrlChecker.waitUntilAvailable(UrlChecker.java:94)
at io.appium.java_client.service.local.AppiumDriverLocalService.ping(AppiumDriverLocalService.java:157)
at io.appium.java_client.service.local.AppiumDriverLocalService.start(AppiumDriverLocalService.java:182)
... 18 more
Caused by: java.util.concurrent.TimeoutException
at java.base/java.util.concurrent.FutureTask.get(FutureTask.java:204)
at org.openqa.selenium.net.UrlChecker.waitUntilAvailable(UrlChecker.java:91)
... 20 more
]]>
    </error>
  </testcase> <!-- startAppiumServer -->
  <testcase classname="UpdatedTestCases.ModifiedOneNegDisWifiCombinedMRO" name="ModifiedOneNegDisWifiCombinedMROMethod" time="0.000">
    <skipped/>
  </testcase> <!-- ModifiedOneNegDisWifiCombinedMROMethod -->
</testsuite> <!-- UpdatedTestCases.ModifiedOneNegDisWifiCombinedMRO -->
