<?xml version="1.0" encoding="UTF-8"?>
<!-- Generated by org.testng.reporters.JUnitReportReporter -->
<testsuite hostname="DESKTOP-6N7C94L" failures="0" tests="3" name="com.tests.HamburgerFunc" time="146.205" errors="0" timestamp="2024-10-09T16:41:01 IST" skipped="0">
  <testcase classname="com.tests.HamburgerFunc" name="ReportTecniicalIssue" time="49.028"/>
  <testcase classname="com.tests.HamburgerFunc" name="PrivacyPolicynTermsAndConditions" time="50.011"/>
  <testcase classname="com.tests.HamburgerFunc" name="ChangePassword" time="47.166"/>
</testsuite> <!-- com.tests.HamburgerFunc -->
