<?xml version="1.0" encoding="UTF-8"?>
<!-- Generated by org.testng.reporters.JUnitReportReporter -->
<testsuite hostname="DESKTOP-6N7C94L" failures="0" tests="2" name="com.tests.MROSplit" time="156.194" errors="0" timestamp="2024-10-24T20:29:55 IST" skipped="0">
  <testcase classname="com.tests.MROSplit" name="LoginBV" time="74.300"/>
  <testcase classname="com.tests.MROSplit" name="LoginO" time="81.894"/>
</testsuite> <!-- com.tests.MROSplit -->
