<?xml version="1.0" encoding="UTF-8"?>
<!-- Generated by org.testng.reporters.JUnitReportReporter -->
<testsuite hostname="DESKTOP-6N7C94L" failures="0" tests="2" name="com.tests.NegativeTestCases.LoginTestN" time="52.362" errors="0" timestamp="2024-10-09T16:41:01 IST" skipped="0">
  <testcase classname="com.tests.NegativeTestCases.LoginTestN" name="WrongUserIdLoginN" time="26.137"/>
  <testcase classname="com.tests.NegativeTestCases.LoginTestN" name="WrongPasswordLoginN" time="26.225"/>
</testsuite> <!-- com.tests.NegativeTestCases.LoginTestN -->
