<?xml version="1.0" encoding="UTF-8"?>
<!-- Generated by org.testng.reporters.JUnitReportReporter -->
<testsuite hostname="DESKTOP-6N7C94L" failures="0" tests="1" name="com.tests.MRO" time="124.796" errors="0" timestamp="2024-10-24T20:04:12 IST" skipped="0">
  <testcase classname="com.tests.MRO" name="LoginAcceptCredBVO" time="124.796"/>
</testsuite> <!-- com.tests.MRO -->
