<?xml version="1.0" encoding="UTF-8"?>
<!-- Generated by org.testng.reporters.JUnitReportReporter -->
<testsuite hostname="DESKTOP-6N7C94L" failures="0" tests="2" name="com.tests.MROSplit" time="162.994" errors="0" timestamp="2024-10-25T12:50:37 IST" skipped="0">
  <testcase classname="com.tests.MROSplit" name="LoginBV" time="80.607"/>
  <testcase classname="com.tests.MROSplit" name="LoginO" time="82.387"/>
</testsuite> <!-- com.tests.MROSplit -->
