<?xml version="1.0" encoding="UTF-8"?>
<!-- Generated by org.testng.reporters.JUnitReportReporter -->
<testsuite hostname="DESKTOP-6N7C94L" failures="1" tests="1" name="com.tests.MRO" time="46.903" errors="0" timestamp="2024-10-23T15:55:26 IST" skipped="0">
  <testcase classname="com.tests.MRO" name="Login" time="46.903">
    <failure message="Test failed due to exception: The element &#039;By.id: com.geotoll.egpsflex_android.dev:id/btn_retake&#039; is not linked to the same object in DOM anymore
For documentation on this error, please visit: https://www.selenium.dev/documentation/webdriver/troubleshooting/errors#stale-element-reference-exception
Build info: version: &#039;4.13.0&#039;, revision: &#039;ba948ece5b*&#039;
System info: os.name: &#039;Windows 11&#039;, os.arch: &#039;amd64&#039;, os.version: &#039;10.0&#039;, java.version: &#039;21.0.3&#039;
Driver info: io.appium.java_client.android.AndroidDriver
Command: [a7c5c3e0-0058-4b29-bb7e-2b07c0d4419d, clickElement {id=00000000-0000-0788-ffff-ffff0000015a}]
Capabilities {appium:appActivity: com.geotoll.egpsflex_androi..., appium:appPackage: com.geotoll.egpsflex_androi..., appium:autoGrantPermissions: true, appium:automationName: UiAutomator2, appium:databaseEnabled: false, appium:desired: {appActivity: com.geotoll.egpsflex_androi..., appPackage: com.geotoll.egpsflex_androi..., autoGrantPermissions: true, automationName: UiAutomator2, deviceName: ZD222JNNVH, platformName: ANDROID, platformVersion: 14.0}, appium:deviceApiLevel: 34, appium:deviceManufacturer: motorola, appium:deviceModel: moto g54 5G, appium:deviceName: ZD222JNNVH, appium:deviceScreenDensity: 400, appium:deviceScreenSize: 1080x2400, appium:deviceUDID: ZD222JNNVH, appium:javascriptEnabled: true, appium:locationContextEnabled: false, appium:networkConnectionEnabled: true, appium:pixelRatio: 2.5, appium:platformVersion: 14, appium:statBarHeight: 117, appium:takesScreenshot: true, appium:viewportRect: {height: 2283, left: 0, top: 117, width: 1080}, appium:warnings: {}, appium:webStorageEnabled: false, platformName: ANDROID}
Element: [[AndroidDriver:  on ANDROID (a7c5c3e0-0058-4b29-bb7e-2b07c0d4419d)] -&gt; id: com.geotoll.egpsflex_android.dev:id/btn_retake]
Session ID: a7c5c3e0-0058-4b29-bb7e-2b07c0d4419d" type="java.lang.AssertionError">
      <![CDATA[java.lang.AssertionError: Test failed due to exception: The element 'By.id: com.geotoll.egpsflex_android.dev:id/btn_retake' is not linked to the same object in DOM anymore
For documentation on this error, please visit: https://www.selenium.dev/documentation/webdriver/troubleshooting/errors#stale-element-reference-exception
Build info: version: '4.13.0', revision: 'ba948ece5b*'
System info: os.name: 'Windows 11', os.arch: 'amd64', os.version: '10.0', java.version: '21.0.3'
Driver info: io.appium.java_client.android.AndroidDriver
Command: [a7c5c3e0-0058-4b29-bb7e-2b07c0d4419d, clickElement {id=00000000-0000-0788-ffff-ffff0000015a}]
Capabilities {appium:appActivity: com.geotoll.egpsflex_androi..., appium:appPackage: com.geotoll.egpsflex_androi..., appium:autoGrantPermissions: true, appium:automationName: UiAutomator2, appium:databaseEnabled: false, appium:desired: {appActivity: com.geotoll.egpsflex_androi..., appPackage: com.geotoll.egpsflex_androi..., autoGrantPermissions: true, automationName: UiAutomator2, deviceName: ZD222JNNVH, platformName: ANDROID, platformVersion: 14.0}, appium:deviceApiLevel: 34, appium:deviceManufacturer: motorola, appium:deviceModel: moto g54 5G, appium:deviceName: ZD222JNNVH, appium:deviceScreenDensity: 400, appium:deviceScreenSize: 1080x2400, appium:deviceUDID: ZD222JNNVH, appium:javascriptEnabled: true, appium:locationContextEnabled: false, appium:networkConnectionEnabled: true, appium:pixelRatio: 2.5, appium:platformVersion: 14, appium:statBarHeight: 117, appium:takesScreenshot: true, appium:viewportRect: {height: 2283, left: 0, top: 117, width: 1080}, appium:warnings: {}, appium:webStorageEnabled: false, platformName: ANDROID}
Element: [[AndroidDriver:  on ANDROID (a7c5c3e0-0058-4b29-bb7e-2b07c0d4419d)] -> id: com.geotoll.egpsflex_android.dev:id/btn_retake]
Session ID: a7c5c3e0-0058-4b29-bb7e-2b07c0d4419d
at org.testng.Assert.fail(Assert.java:111)
at com.tests.MRO.Login(MRO.java:170)
at java.base/jdk.internal.reflect.DirectMethodHandleAccessor.invoke(DirectMethodHandleAccessor.java:103)
at java.base/java.lang.reflect.Method.invoke(Method.java:580)
at org.testng.internal.invokers.MethodInvocationHelper.invokeMethod(MethodInvocationHelper.java:141)
at org.testng.internal.invokers.TestInvoker.invokeMethod(TestInvoker.java:686)
at org.testng.internal.invokers.TestInvoker.invokeTestMethod(TestInvoker.java:230)
at org.testng.internal.invokers.MethodRunner.runInSequence(MethodRunner.java:63)
at org.testng.internal.invokers.TestInvoker$MethodInvocationAgent.invoke(TestInvoker.java:992)
at org.testng.internal.invokers.TestInvoker.invokeTestMethods(TestInvoker.java:203)
at org.testng.internal.invokers.TestMethodWorker.invokeTestMethods(TestMethodWorker.java:154)
at org.testng.internal.invokers.TestMethodWorker.run(TestMethodWorker.java:134)
at java.base/java.util.ArrayList.forEach(ArrayList.java:1596)
at org.testng.TestRunner.privateRun(TestRunner.java:739)
at org.testng.TestRunner.run(TestRunner.java:614)
at org.testng.SuiteRunner.runTest(SuiteRunner.java:421)
at org.testng.SuiteRunner.runSequentially(SuiteRunner.java:413)
at org.testng.SuiteRunner.privateRun(SuiteRunner.java:373)
at org.testng.SuiteRunner.run(SuiteRunner.java:312)
at org.testng.SuiteRunnerWorker.runSuite(SuiteRunnerWorker.java:52)
at org.testng.SuiteRunnerWorker.run(SuiteRunnerWorker.java:95)
at org.testng.TestNG.runSuitesSequentially(TestNG.java:1274)
at org.testng.TestNG.runSuitesLocally(TestNG.java:1208)
at org.testng.TestNG.runSuites(TestNG.java:1112)
at org.testng.TestNG.run(TestNG.java:1079)
at org.testng.remote.AbstractRemoteTestNG.run(AbstractRemoteTestNG.java:115)
at org.testng.remote.RemoteTestNG.initAndRun(RemoteTestNG.java:293)
at org.testng.remote.RemoteTestNG.main(RemoteTestNG.java:91)
]]>
    </failure>
  </testcase> <!-- Login -->
</testsuite> <!-- com.tests.MRO -->
