<?xml version="1.0" encoding="UTF-8"?>
<!-- Generated by org.testng.reporters.JUnitReportReporter -->
<testsuite hostname="DESKTOP-6N7C94L" failures="0" tests="1" name="com.tests.MRO" time="142.330" errors="0" timestamp="2024-10-25T12:28:35 IST" skipped="0">
  <testcase classname="com.tests.MRO" name="LoginAcceptCredBVO" time="142.330"/>
</testsuite> <!-- com.tests.MRO -->
