<?xml version="1.0" encoding="UTF-8"?>
<!-- Generated by org.testng.reporters.JUnitReportReporter -->
<testsuite hostname="DESKTOP-6N7C94L" failures="0" tests="1" name="com.tests.ABCTest" time="15.980" errors="0" timestamp="2024-09-27T13:07:20 IST" skipped="0">
  <testcase classname="com.tests.ABCTest" name="ABCSearch" time="15.980"/>
  <system-out/>
</testsuite> <!-- com.tests.ABCTest -->
